<?xml version="1.0" encoding="UTF-8"?>
<!-- Generated by org.testng.reporters.JUnitXMLReporter -->
<testsuite ignored="0" hostname="DESKTOP-TTAOBFJ" failures="0" tests="5" name="Default test" time="43.566" errors="0" timestamp="2020-12-23T15:15:25 CLST">
  <testcase classname="SacTest.testCategoriasSubcategorias" name="Test_1_subMenuDash" time="4.517"/>
  <testcase classname="SacTest.testCategoriasSubcategorias" name="Test_2_opcionesSubcategorias" time="6.879"/>
  <testcase classname="SacTest.testCategoriasSubcategorias" name="Test_3_filtroDia" time="6.179"/>
  <testcase classname="SacTest.testCategoriasSubcategorias" name="Test_4_filtroMes" time="3.208"/>
  <testcase classname="SacTest.testCategoriasSubcategorias" name="Test_5_filtroSemana" time="10.161"/>
</testsuite> <!-- Default test -->
